<?xml version="1.0" encoding="UTF-8"?>
<!-- Generated by org.testng.reporters.JUnitReportReporter -->
<testsuite hostname="PSDTP002" failures="0" tests="1" name="Organization_UserManagement.AddStudentTest" time="18.729" errors="0" timestamp="2023-12-18T14:30:33 IST" skipped="0">
  <testcase classname="Organization_UserManagement.AddStudentTest" name="addStudent" time="18.729"/>
</testsuite> <!-- Organization_UserManagement.AddStudentTest -->
