<?xml version="1.0" encoding="UTF-8"?>
<!-- Generated by org.testng.reporters.JUnitReportReporter -->
<testsuite hostname="PSDTP002" failures="0" tests="1" name="Organization_UserManagement.AddStudent" time="16.560" errors="0" timestamp="2023-11-21T18:50:19 IST" skipped="0">
  <testcase classname="Organization_UserManagement.AddStudent" name="addStudent" time="16.560"/>
</testsuite> <!-- Organization_UserManagement.AddStudent -->
