<?xml version="1.0" encoding="UTF-8"?>
<!-- Generated by org.testng.reporters.JUnitReportReporter -->
<testsuite hostname="PSDTP002" failures="0" tests="1" name="Organization_DeviceManagement.AddDeviceTest" time="15.658" errors="0" timestamp="2023-12-18T14:44:33 IST" skipped="0">
  <testcase classname="Organization_DeviceManagement.AddDeviceTest" name="addDevice" time="15.658"/>
</testsuite> <!-- Organization_DeviceManagement.AddDeviceTest -->
