<?xml version="1.0" encoding="UTF-8"?>
<!-- Generated by org.testng.reporters.JUnitReportReporter -->
<testsuite hostname="PSDTP002" failures="0" tests="1" name="Organization_UserManagement.EditStudent" time="8.293" errors="0" timestamp="2023-10-16T15:13:33 IST" skipped="0">
  <testcase classname="Organization_UserManagement.EditStudent" name="EditStudent" time="8.293"/>
</testsuite> <!-- Organization_UserManagement.EditStudent -->
