<?xml version="1.0" encoding="UTF-8"?>
<!-- Generated by org.testng.reporters.JUnitReportReporter -->
<testsuite hostname="PSDTP002" failures="0" tests="1" name="Organization_UserManagement.TestNGClass" time="0.025" errors="0" timestamp="2023-09-11T11:14:13 IST" skipped="0">
  <testcase classname="Organization_UserManagement.TestNGClass" name="m1" time="0.025"/>
</testsuite> <!-- Organization_UserManagement.TestNGClass -->
