<?xml version="1.0" encoding="UTF-8"?>
<!-- Generated by org.testng.reporters.JUnitReportReporter -->
<testsuite hostname="PSDTP002" failures="0" tests="1" name="Organization_DeviceManagement.AddDeviceTest" time="20.260" errors="0" timestamp="2023-12-18T14:18:29 IST" skipped="0">
  <testcase classname="Organization_DeviceManagement.AddDeviceTest" name="addDevice" time="20.260"/>
</testsuite> <!-- Organization_DeviceManagement.AddDeviceTest -->
